2021-09-27 08:20:04,070 INFO quiz.controllers.LoginController [http-nio-8080-exec-2] POST to /login
2021-09-27 08:45:03,991 INFO quiz.controllers.LoginController [http-nio-8080-exec-6] POST to /login
2021-09-27 08:46:44,155 INFO quiz.controllers.QuizController [http-nio-8080-exec-10] GET to /getTen
2021-09-27 08:46:46,856 INFO quiz.controllers.QuizController [http-nio-8080-exec-1] GET to /getTen
2021-09-27 08:47:23,177 INFO quiz.controllers.QuizController [http-nio-8080-exec-1] GET to /getTen
2021-09-27 08:47:58,094 INFO quiz.controllers.QuizController [http-nio-8080-exec-1] GET to /getTen
2021-09-27 08:50:09,234 INFO quiz.controllers.QuizController [http-nio-8080-exec-3] GET to /getTen
2021-09-27 08:51:31,939 INFO quiz.controllers.QuizController [http-nio-8080-exec-2] GET to /getTen
2021-09-27 08:58:15,484 INFO quiz.controllers.QuizController [http-nio-8080-exec-2] GET to /getTen
2021-09-27 09:06:52,144 INFO quiz.controllers.QuizController [http-nio-8080-exec-2] GET to /getTen
2021-09-27 09:07:06,314 INFO quiz.controllers.QuizController [http-nio-8080-exec-3] GET to /getTen
2021-09-27 09:07:10,211 INFO quiz.controllers.QuizController [http-nio-8080-exec-4] GET to /getTen
2021-09-27 09:07:11,794 INFO quiz.controllers.QuizController [http-nio-8080-exec-5] GET to /getTen
2021-09-27 09:07:21,183 INFO quiz.controllers.QuizController [http-nio-8080-exec-6] GET to /getTen
2021-09-27 09:07:36,122 INFO quiz.controllers.QuizController [http-nio-8080-exec-7] GET to /getTen
2021-09-27 09:07:39,037 INFO quiz.controllers.QuizController [http-nio-8080-exec-8] GET to /getTen
2021-09-27 09:07:51,485 INFO quiz.controllers.QuizController [http-nio-8080-exec-9] GET to /getTen
2021-09-27 09:08:13,164 INFO quiz.controllers.QuizController [http-nio-8080-exec-1] GET to /getTen
2021-09-27 09:08:16,705 INFO quiz.controllers.QuizController [http-nio-8080-exec-2] GET to /getTen
2021-09-27 09:19:27,484 INFO quiz.controllers.QuizController [http-nio-8080-exec-4] GET to /getTen
2021-09-27 09:20:12,162 INFO quiz.controllers.QuizController [http-nio-8080-exec-5] GET to /getTen
2021-09-27 09:20:50,490 INFO quiz.controllers.QuizController [http-nio-8080-exec-6] GET to /getTen
2021-09-27 09:22:11,599 INFO quiz.controllers.QuizController [http-nio-8080-exec-8] GET to /getTen
2021-09-27 09:23:10,085 INFO quiz.controllers.QuizController [http-nio-8080-exec-9] GET to /getTen
2021-09-27 09:23:23,861 INFO quiz.controllers.QuizController [http-nio-8080-exec-10] GET to /getTen
2021-09-27 09:23:43,545 INFO quiz.controllers.QuizController [http-nio-8080-exec-1] GET to /getTen
2021-09-27 09:24:25,496 INFO quiz.controllers.QuizController [http-nio-8080-exec-2] GET to /getTen
2021-09-27 09:24:40,304 INFO quiz.controllers.QuizController [http-nio-8080-exec-3] GET to /getTen
2021-09-27 09:25:29,922 INFO quiz.controllers.QuizController [http-nio-8080-exec-4] GET to /getTen
2021-09-27 09:26:45,198 INFO quiz.controllers.QuizController [http-nio-8080-exec-6] GET to /getTen
2021-09-27 09:26:49,881 INFO quiz.controllers.QuizController [http-nio-8080-exec-7] GET to /getTen
2021-09-27 09:27:40,855 INFO quiz.controllers.QuizController [http-nio-8080-exec-8] GET to /getTen
2021-09-27 09:27:48,364 INFO quiz.controllers.QuizController [http-nio-8080-exec-9] GET to /getTen
2021-09-27 09:35:15,915 INFO quiz.controllers.QuizController [http-nio-8080-exec-1] GET to /getTen
2021-09-27 09:39:01,539 INFO quiz.controllers.QuizController [http-nio-8080-exec-3] GET to /getTen
2021-09-27 09:50:38,896 INFO quiz.controllers.QuizController [http-nio-8080-exec-5] GET to /getTen
2021-09-27 09:51:56,430 INFO quiz.controllers.QuizController [http-nio-8080-exec-7] GET to /getTen
2021-09-27 10:16:37,584 INFO quiz.controllers.QuizController [http-nio-8080-exec-9] GET to /getTen
2021-09-27 10:18:37,679 INFO quiz.controllers.QuizController [http-nio-8080-exec-1] GET to /getTen
2021-09-27 10:18:47,863 INFO quiz.controllers.QuizController [http-nio-8080-exec-2] GET to /getTen
2021-09-27 10:18:55,469 INFO quiz.controllers.QuizController [http-nio-8080-exec-3] GET to /getTen
2021-09-27 10:19:13,046 INFO quiz.controllers.QuizController [http-nio-8080-exec-4] GET to /getTen
2021-09-27 10:19:30,523 INFO quiz.controllers.QuizController [http-nio-8080-exec-5] GET to /getTen
2021-09-27 10:19:48,354 INFO quiz.controllers.QuizController [http-nio-8080-exec-6] GET to /getTen
2021-09-27 10:54:16,058 INFO quiz.controllers.QuizController [http-nio-8080-exec-8] GET to /getTen
2021-09-27 10:54:25,543 INFO quiz.controllers.QuizController [http-nio-8080-exec-9] GET to /getTen
2021-09-27 10:55:16,829 INFO quiz.controllers.QuizController [http-nio-8080-exec-10] GET to /getTen
2021-09-27 10:56:20,239 INFO quiz.controllers.QuizController [http-nio-8080-exec-2] GET to /getTen
2021-09-27 10:58:47,738 INFO quiz.controllers.QuizController [http-nio-8080-exec-4] GET to /getTen
2021-09-27 10:59:26,065 INFO quiz.controllers.QuizController [http-nio-8080-exec-5] GET to /getTen
2021-09-27 10:59:58,241 INFO quiz.controllers.QuizController [http-nio-8080-exec-6] GET to /getTen
2021-09-27 11:00:17,398 INFO quiz.controllers.QuizController [http-nio-8080-exec-7] GET to /getTen
2021-09-27 11:00:47,959 INFO quiz.controllers.QuizController [http-nio-8080-exec-8] GET to /getTen
2021-09-27 11:00:56,998 INFO quiz.controllers.QuizController [http-nio-8080-exec-9] GET to /getTen
2021-09-27 11:02:28,535 INFO quiz.controllers.QuizController [http-nio-8080-exec-1] GET to /getTen
2021-09-27 11:02:45,279 INFO quiz.controllers.QuizController [http-nio-8080-exec-2] GET to /getTen
2021-09-27 11:03:06,838 INFO quiz.controllers.QuizController [http-nio-8080-exec-3] GET to /getTen
2021-09-27 11:03:52,225 INFO quiz.controllers.QuizController [http-nio-8080-exec-4] GET to /getTen
2021-09-27 11:04:18,123 INFO quiz.controllers.QuizController [http-nio-8080-exec-5] GET to /getTen
2021-09-27 11:04:30,413 INFO quiz.controllers.QuizController [http-nio-8080-exec-6] GET to /getTen
2021-09-27 11:04:38,137 INFO quiz.controllers.QuizController [http-nio-8080-exec-7] GET to /getTen
2021-09-27 11:07:57,339 INFO quiz.controllers.QuizController [http-nio-8080-exec-9] GET to /getTen
2021-09-27 11:08:04,199 INFO quiz.controllers.QuizController [http-nio-8080-exec-10] GET to /getTen
2021-09-27 11:08:38,233 INFO quiz.controllers.QuizController [http-nio-8080-exec-1] GET to /getTen
2021-09-27 11:09:27,463 INFO quiz.controllers.QuizController [http-nio-8080-exec-2] GET to /getTen
2021-09-27 11:09:56,201 INFO quiz.controllers.QuizController [http-nio-8080-exec-3] GET to /getTen
2021-09-27 11:12:12,467 INFO quiz.controllers.QuizController [http-nio-8080-exec-5] GET to /getTen
2021-09-27 11:12:49,355 INFO quiz.controllers.QuizController [http-nio-8080-exec-6] GET to /getTen
2021-09-27 11:13:09,812 INFO quiz.controllers.QuizController [http-nio-8080-exec-7] GET to /getTen
2021-09-27 11:13:20,332 INFO quiz.controllers.QuizController [http-nio-8080-exec-8] GET to /getTen
2021-09-27 11:13:25,415 INFO quiz.controllers.QuizController [http-nio-8080-exec-9] GET to /getTen
2021-09-27 11:13:59,581 INFO quiz.controllers.QuizController [http-nio-8080-exec-10] GET to /getTen
2021-09-27 11:14:58,884 INFO quiz.controllers.QuizController [http-nio-8080-exec-1] GET to /getTen
2021-09-27 11:19:38,558 INFO quiz.controllers.QuizController [http-nio-8080-exec-1] GET to /getTen
2021-09-27 11:20:26,657 INFO quiz.controllers.QuizController [http-nio-8080-exec-2] GET to /getTen
2021-09-27 11:20:41,269 INFO quiz.controllers.QuizController [http-nio-8080-exec-3] GET to /getTen
2021-09-27 11:20:46,626 INFO quiz.controllers.QuizController [http-nio-8080-exec-4] GET to /getTen
2021-09-27 11:20:53,109 INFO quiz.controllers.QuizController [http-nio-8080-exec-5] GET to /getTen
2021-09-27 11:20:59,960 INFO quiz.controllers.QuizController [http-nio-8080-exec-6] GET to /getTen
2021-09-27 11:21:05,842 INFO quiz.controllers.QuizController [http-nio-8080-exec-7] GET to /getTen
2021-09-27 11:21:16,918 INFO quiz.controllers.QuizController [http-nio-8080-exec-8] GET to /getTen
2021-09-27 11:21:30,749 INFO quiz.controllers.QuizController [http-nio-8080-exec-9] GET to /getTen
2021-09-27 11:21:44,147 INFO quiz.controllers.QuizController [http-nio-8080-exec-10] GET to /getTen
2021-09-27 11:21:48,190 INFO quiz.controllers.QuizController [http-nio-8080-exec-1] GET to /getTen
2021-09-27 11:22:31,790 INFO quiz.controllers.QuizController [http-nio-8080-exec-2] GET to /getTen
2021-09-27 11:22:36,632 INFO quiz.controllers.QuizController [http-nio-8080-exec-3] GET to /getTen
2021-09-27 11:22:40,383 INFO quiz.controllers.QuizController [http-nio-8080-exec-4] GET to /getTen
2021-09-27 11:22:46,697 INFO quiz.controllers.QuizController [http-nio-8080-exec-5] GET to /getTen
2021-09-27 11:23:23,554 INFO quiz.controllers.QuizController [http-nio-8080-exec-6] GET to /getTen
2021-09-27 11:23:45,359 INFO quiz.controllers.QuizController [http-nio-8080-exec-7] GET to /getTen
2021-09-27 11:23:51,356 INFO quiz.controllers.QuizController [http-nio-8080-exec-8] GET to /getTen
2021-09-27 11:23:56,720 INFO quiz.controllers.QuizController [http-nio-8080-exec-9] GET to /getTen
2021-09-27 11:24:21,597 INFO quiz.controllers.QuizController [http-nio-8080-exec-10] GET to /getTen
2021-09-27 11:25:52,001 INFO quiz.controllers.QuizController [http-nio-8080-exec-2] GET to /getTen
2021-09-27 11:27:36,342 INFO quiz.controllers.QuizController [http-nio-8080-exec-4] GET to /getTen
2021-09-27 11:27:56,511 INFO quiz.controllers.QuizController [http-nio-8080-exec-5] GET to /getTen
2021-09-27 11:27:58,002 INFO quiz.controllers.QuizController [http-nio-8080-exec-6] GET to /getTen
2021-09-27 11:29:11,156 INFO quiz.controllers.QuizController [http-nio-8080-exec-8] GET to /getTen
2021-09-27 11:30:13,848 INFO quiz.controllers.QuizController [http-nio-8080-exec-10] GET to /getTen
2021-09-27 11:30:38,739 INFO quiz.controllers.QuizController [http-nio-8080-exec-1] GET to /getTen
2021-09-27 11:31:38,245 INFO quiz.controllers.QuizController [http-nio-8080-exec-2] GET to /getTen
2021-09-27 11:33:02,256 INFO quiz.controllers.QuizController [http-nio-8080-exec-4] GET to /getTen
2021-09-27 11:34:06,421 INFO quiz.controllers.QuizController [http-nio-8080-exec-6] GET to /getTen
2021-09-27 11:36:03,340 INFO quiz.controllers.QuizController [http-nio-8080-exec-8] GET to /getTen
2021-09-27 11:37:16,551 INFO quiz.controllers.QuizController [http-nio-8080-exec-10] GET to /getTen
2021-09-27 11:37:44,492 INFO quiz.controllers.QuizController [http-nio-8080-exec-1] GET to /getTen
2021-09-27 11:37:52,167 INFO quiz.controllers.QuizController [http-nio-8080-exec-2] GET to /getTen
2021-09-27 11:38:02,798 INFO quiz.controllers.QuizController [http-nio-8080-exec-3] GET to /getTen
2021-09-27 11:38:38,218 INFO quiz.controllers.QuizController [http-nio-8080-exec-4] GET to /getTen
2021-09-27 11:38:57,789 INFO quiz.controllers.QuizController [http-nio-8080-exec-5] GET to /getTen
2021-09-27 11:39:08,400 INFO quiz.controllers.QuizController [http-nio-8080-exec-6] GET to /getTen
2021-09-27 11:39:19,144 INFO quiz.controllers.QuizController [http-nio-8080-exec-7] GET to /getTen
2021-09-27 11:39:23,269 INFO quiz.controllers.QuizController [http-nio-8080-exec-8] GET to /getTen
2021-09-27 11:43:48,207 INFO quiz.controllers.QuizController [http-nio-8080-exec-10] GET to /getTen
2021-09-27 11:44:16,172 INFO quiz.controllers.QuizController [http-nio-8080-exec-1] GET to /getTen
2021-09-27 11:44:23,033 INFO quiz.controllers.QuizController [http-nio-8080-exec-2] GET to /getTen
2021-09-27 13:24:57,572 INFO quiz.controllers.QuizController [http-nio-8080-exec-4] GET to /getTen
2021-09-27 13:25:04,013 INFO quiz.controllers.QuizController [http-nio-8080-exec-5] GET to /getTen
2021-09-27 13:26:02,650 INFO quiz.controllers.QuizController [http-nio-8080-exec-6] GET to /getTen
2021-09-27 13:28:54,416 INFO quiz.controllers.QuizController [http-nio-8080-exec-8] GET to /getTen
2021-09-27 13:28:56,100 INFO quiz.controllers.QuizController [http-nio-8080-exec-9] GET to /getTen
2021-09-27 13:29:01,240 INFO quiz.controllers.QuizController [http-nio-8080-exec-10] GET to /getTen
2021-09-27 13:30:15,002 INFO quiz.controllers.QuizController [http-nio-8080-exec-2] GET to /getTen
2021-09-27 13:35:16,221 INFO quiz.controllers.LoginController [http-nio-8080-exec-5] POST to /login
2021-09-27 13:35:16,258 INFO quiz.controllers.QuizController [http-nio-8080-exec-6] GET to /getTen
2021-09-27 13:35:22,574 INFO quiz.controllers.TagsController [http-nio-8080-exec-7] GET to /tags
2021-09-27 13:38:29,346 INFO quiz.controllers.LoginController [http-nio-8080-exec-9] POST to /login
2021-09-27 13:38:29,365 INFO quiz.controllers.QuizController [http-nio-8080-exec-10] GET to /getTen
2021-09-27 13:38:31,811 INFO quiz.controllers.TagsController [http-nio-8080-exec-1] GET to /tags
2021-09-27 13:38:49,341 INFO quiz.controllers.TagsController [http-nio-8080-exec-3] GET to /tags
2021-09-27 13:38:49,415 INFO quiz.controllers.TagsController [http-nio-8080-exec-4] POST to /tags/new
2021-09-27 13:39:03,376 INFO quiz.controllers.TagsController [http-nio-8080-exec-5] GET to /tags
2021-09-27 13:41:17,924 INFO quiz.controllers.LoginController [http-nio-8080-exec-8] POST to /login
2021-09-27 13:41:17,942 INFO quiz.controllers.QuizController [http-nio-8080-exec-9] GET to /getTen
2021-09-27 13:41:22,651 INFO quiz.controllers.TagsController [http-nio-8080-exec-10] GET to /tags
2021-09-27 13:41:25,318 INFO quiz.controllers.QuizController [http-nio-8080-exec-1] GET to /getTen
2021-09-27 13:43:39,927 INFO quiz.controllers.QuizController [http-nio-8080-exec-3] GET to /getTen
2021-09-27 14:36:53,424 INFO quiz.controllers.QuizController [http-nio-8080-exec-1] GET to /getTen
2021-09-27 14:37:06,791 INFO quiz.controllers.TagsController [http-nio-8080-exec-2] GET to /tags
2021-09-27 14:37:15,357 INFO quiz.controllers.TagsController [http-nio-8080-exec-4] DELETE from /tags/{id}
2021-09-27 14:37:15,367 INFO quiz.controllers.TagsController [http-nio-8080-exec-5] GET to /tags
2021-09-27 14:37:24,475 INFO quiz.controllers.TagsController [http-nio-8080-exec-7] DELETE from /tags/{id}
2021-09-27 14:37:24,484 INFO quiz.controllers.TagsController [http-nio-8080-exec-8] GET to /tags
2021-09-27 14:45:31,334 INFO quiz.controllers.QuizController [http-nio-8080-exec-1] GET to /getTen
2021-09-28 10:20:38,261 INFO quiz.controllers.QuizController [http-nio-8080-exec-1] GET to /getTen
2021-09-28 10:25:34,253 INFO quiz.controllers.QuizController [http-nio-8080-exec-3] GET to /getTen
2021-09-28 10:25:51,142 INFO quiz.controllers.QuizController [http-nio-8080-exec-4] GET to /getTen
2021-09-28 10:25:58,787 INFO quiz.controllers.QuizController [http-nio-8080-exec-5] GET to /getTen
2021-09-28 10:26:10,668 INFO quiz.controllers.QuizController [http-nio-8080-exec-6] GET to /getTen
2021-09-28 10:26:15,862 INFO quiz.controllers.QuizController [http-nio-8080-exec-7] GET to /getTen
2021-09-28 10:26:24,116 INFO quiz.controllers.QuizController [http-nio-8080-exec-8] GET to /getTen
2021-09-28 10:26:29,615 INFO quiz.controllers.QuizController [http-nio-8080-exec-9] GET to /getTen
2021-09-28 10:26:41,025 INFO quiz.controllers.QuizController [http-nio-8080-exec-10] GET to /getTen
2021-09-28 10:26:42,550 INFO quiz.controllers.QuizController [http-nio-8080-exec-1] GET to /getTen
2021-09-28 10:28:47,008 INFO quiz.controllers.QuizController [http-nio-8080-exec-3] GET to /getTen
2021-09-28 10:29:02,191 INFO quiz.controllers.QuizController [http-nio-8080-exec-4] GET to /getTen
2021-09-28 10:29:06,255 INFO quiz.controllers.QuizController [http-nio-8080-exec-5] GET to /getTen
2021-09-28 10:29:13,511 INFO quiz.controllers.QuizController [http-nio-8080-exec-6] GET to /getTen
2021-09-28 10:29:16,436 INFO quiz.controllers.QuizController [http-nio-8080-exec-7] GET to /getTen
2021-09-28 10:29:46,015 INFO quiz.controllers.QuizController [http-nio-8080-exec-8] GET to /getTen
2021-09-28 10:29:57,455 INFO quiz.controllers.QuizController [http-nio-8080-exec-9] GET to /getTen
2021-09-28 10:30:02,988 INFO quiz.controllers.QuizController [http-nio-8080-exec-10] GET to /getTen
2021-09-28 10:30:18,313 INFO quiz.controllers.QuizController [http-nio-8080-exec-1] GET to /getTen
2021-09-28 10:32:09,550 INFO quiz.controllers.TagsController [http-nio-8080-exec-3] GET to /tags
2021-09-28 10:32:16,846 INFO quiz.controllers.QuizController [http-nio-8080-exec-4] GET to /getTen
2021-09-28 10:33:03,321 INFO quiz.controllers.QuizController [http-nio-8080-exec-5] GET to /getTen
2021-09-28 10:33:26,870 INFO quiz.controllers.QuizController [http-nio-8080-exec-6] GET to /getTen
2021-09-28 10:33:37,810 INFO quiz.controllers.QuizController [http-nio-8080-exec-7] GET to /getTen
2021-09-28 10:34:19,936 INFO quiz.controllers.QuizController [http-nio-8080-exec-8] GET to /getTen
2021-09-28 10:34:26,882 INFO quiz.controllers.QuizController [http-nio-8080-exec-9] GET to /getTen
2021-09-28 10:41:02,886 INFO quiz.controllers.QuizController [http-nio-8080-exec-1] GET to /getTen
2021-09-28 10:41:24,670 INFO quiz.controllers.QuizController [http-nio-8080-exec-2] GET to /getTen
2021-09-28 10:41:44,554 INFO quiz.controllers.QuizController [http-nio-8080-exec-3] GET to /getTen
2021-09-28 10:41:56,691 INFO quiz.controllers.QuizController [http-nio-8080-exec-4] GET to /getTen
2021-09-28 10:42:12,166 INFO quiz.controllers.QuizController [http-nio-8080-exec-5] GET to /getTen
2021-09-28 10:42:30,502 INFO quiz.controllers.QuizController [http-nio-8080-exec-6] GET to /getTen
2021-09-28 10:43:52,784 INFO quiz.controllers.QuizController [http-nio-8080-exec-8] GET to /getTen
2021-09-28 10:44:17,452 INFO quiz.controllers.QuizController [http-nio-8080-exec-9] GET to /getTen
2021-09-28 10:44:46,347 INFO quiz.controllers.QuizController [http-nio-8080-exec-10] GET to /getTen
2021-09-28 10:44:53,337 INFO quiz.controllers.QuizController [http-nio-8080-exec-1] GET to /getTen
2021-09-28 10:45:02,442 INFO quiz.controllers.QuizController [http-nio-8080-exec-2] GET to /getTen
2021-09-28 10:45:24,815 INFO quiz.controllers.QuizController [http-nio-8080-exec-3] GET to /getTen
2021-09-28 10:46:05,456 INFO quiz.controllers.QuizController [http-nio-8080-exec-4] GET to /getTen
2021-09-28 10:46:32,377 INFO quiz.controllers.QuizController [http-nio-8080-exec-5] GET to /getTen
2021-09-28 10:47:11,393 INFO quiz.controllers.QuizController [http-nio-8080-exec-6] GET to /getTen
2021-09-28 10:49:17,202 INFO quiz.controllers.QuizController [http-nio-8080-exec-8] GET to /getTen
2021-09-28 10:50:06,531 INFO quiz.controllers.QuizController [http-nio-8080-exec-9] GET to /getTen
2021-09-28 10:50:32,675 INFO quiz.controllers.QuizController [http-nio-8080-exec-10] GET to /getTen
2021-09-28 10:50:40,858 INFO quiz.controllers.QuizController [http-nio-8080-exec-1] GET to /getTen
2021-09-28 10:51:02,825 INFO quiz.controllers.QuizController [http-nio-8080-exec-2] GET to /getTen
2021-09-28 10:51:14,643 INFO quiz.controllers.QuizController [http-nio-8080-exec-3] GET to /getTen
2021-09-28 10:51:59,360 INFO quiz.controllers.QuizController [http-nio-8080-exec-4] GET to /getTen
2021-09-28 10:54:49,650 INFO quiz.controllers.QuizController [http-nio-8080-exec-6] GET to /getTen
2021-09-28 10:54:57,281 INFO quiz.controllers.QuizController [http-nio-8080-exec-7] GET to /getTen
2021-09-28 10:55:39,747 INFO quiz.controllers.QuizController [http-nio-8080-exec-8] GET to /getTen
2021-09-28 10:55:54,828 INFO quiz.controllers.QuizController [http-nio-8080-exec-9] GET to /getTen
2021-09-28 10:59:39,310 INFO quiz.controllers.QuizController [http-nio-8080-exec-1] GET to /getTen
2021-09-28 10:59:44,246 INFO quiz.controllers.QuizController [http-nio-8080-exec-2] GET to /getTen
2021-09-28 10:59:57,840 INFO quiz.controllers.QuizController [http-nio-8080-exec-3] GET to /getTen
2021-09-28 11:01:21,964 INFO quiz.controllers.QuizController [http-nio-8080-exec-5] GET to /getTen
2021-09-28 11:02:13,599 INFO quiz.controllers.QuizController [http-nio-8080-exec-6] GET to /getTen
2021-09-28 11:04:02,702 INFO quiz.controllers.QuizController [http-nio-8080-exec-8] GET to /getTen
2021-09-28 11:04:15,606 INFO quiz.controllers.QuizController [http-nio-8080-exec-9] GET to /getTen
2021-09-28 11:04:22,956 INFO quiz.controllers.QuizController [http-nio-8080-exec-10] GET to /getTen
2021-09-28 11:04:26,831 INFO quiz.controllers.QuizController [http-nio-8080-exec-1] GET to /getTen
2021-09-28 11:04:31,753 INFO quiz.controllers.QuizController [http-nio-8080-exec-2] GET to /getTen
