2021-09-27 08:20:04,070 INFO quiz.controllers.LoginController [http-nio-8080-exec-2] POST to /login
2021-09-27 08:45:03,991 INFO quiz.controllers.LoginController [http-nio-8080-exec-6] POST to /login
2021-09-27 08:46:44,155 INFO quiz.controllers.QuizController [http-nio-8080-exec-10] GET to /getTen
2021-09-27 08:46:46,856 INFO quiz.controllers.QuizController [http-nio-8080-exec-1] GET to /getTen
2021-09-27 08:47:23,177 INFO quiz.controllers.QuizController [http-nio-8080-exec-1] GET to /getTen
2021-09-27 08:47:58,094 INFO quiz.controllers.QuizController [http-nio-8080-exec-1] GET to /getTen
2021-09-27 08:50:09,234 INFO quiz.controllers.QuizController [http-nio-8080-exec-3] GET to /getTen
2021-09-27 08:51:31,939 INFO quiz.controllers.QuizController [http-nio-8080-exec-2] GET to /getTen
2021-09-27 08:58:15,484 INFO quiz.controllers.QuizController [http-nio-8080-exec-2] GET to /getTen
2021-09-27 09:06:52,144 INFO quiz.controllers.QuizController [http-nio-8080-exec-2] GET to /getTen
2021-09-27 09:07:06,314 INFO quiz.controllers.QuizController [http-nio-8080-exec-3] GET to /getTen
2021-09-27 09:07:10,211 INFO quiz.controllers.QuizController [http-nio-8080-exec-4] GET to /getTen
2021-09-27 09:07:11,794 INFO quiz.controllers.QuizController [http-nio-8080-exec-5] GET to /getTen
2021-09-27 09:07:21,183 INFO quiz.controllers.QuizController [http-nio-8080-exec-6] GET to /getTen
2021-09-27 09:07:36,122 INFO quiz.controllers.QuizController [http-nio-8080-exec-7] GET to /getTen
2021-09-27 09:07:39,037 INFO quiz.controllers.QuizController [http-nio-8080-exec-8] GET to /getTen
2021-09-27 09:07:51,485 INFO quiz.controllers.QuizController [http-nio-8080-exec-9] GET to /getTen
2021-09-27 09:08:13,164 INFO quiz.controllers.QuizController [http-nio-8080-exec-1] GET to /getTen
2021-09-27 09:08:16,705 INFO quiz.controllers.QuizController [http-nio-8080-exec-2] GET to /getTen
2021-09-27 09:19:27,484 INFO quiz.controllers.QuizController [http-nio-8080-exec-4] GET to /getTen
2021-09-27 09:20:12,162 INFO quiz.controllers.QuizController [http-nio-8080-exec-5] GET to /getTen
2021-09-27 09:20:50,490 INFO quiz.controllers.QuizController [http-nio-8080-exec-6] GET to /getTen
2021-09-27 09:22:11,599 INFO quiz.controllers.QuizController [http-nio-8080-exec-8] GET to /getTen
2021-09-27 09:23:10,085 INFO quiz.controllers.QuizController [http-nio-8080-exec-9] GET to /getTen
2021-09-27 09:23:23,861 INFO quiz.controllers.QuizController [http-nio-8080-exec-10] GET to /getTen
2021-09-27 09:23:43,545 INFO quiz.controllers.QuizController [http-nio-8080-exec-1] GET to /getTen
2021-09-27 09:24:25,496 INFO quiz.controllers.QuizController [http-nio-8080-exec-2] GET to /getTen
2021-09-27 09:24:40,304 INFO quiz.controllers.QuizController [http-nio-8080-exec-3] GET to /getTen
2021-09-27 09:25:29,922 INFO quiz.controllers.QuizController [http-nio-8080-exec-4] GET to /getTen
2021-09-27 09:26:45,198 INFO quiz.controllers.QuizController [http-nio-8080-exec-6] GET to /getTen
2021-09-27 09:26:49,881 INFO quiz.controllers.QuizController [http-nio-8080-exec-7] GET to /getTen
2021-09-27 09:27:40,855 INFO quiz.controllers.QuizController [http-nio-8080-exec-8] GET to /getTen
2021-09-27 09:27:48,364 INFO quiz.controllers.QuizController [http-nio-8080-exec-9] GET to /getTen
2021-09-27 09:35:15,915 INFO quiz.controllers.QuizController [http-nio-8080-exec-1] GET to /getTen
2021-09-27 09:39:01,539 INFO quiz.controllers.QuizController [http-nio-8080-exec-3] GET to /getTen
2021-09-27 09:50:38,896 INFO quiz.controllers.QuizController [http-nio-8080-exec-5] GET to /getTen
2021-09-27 09:51:56,430 INFO quiz.controllers.QuizController [http-nio-8080-exec-7] GET to /getTen
2021-09-27 10:16:37,584 INFO quiz.controllers.QuizController [http-nio-8080-exec-9] GET to /getTen
2021-09-27 10:18:37,679 INFO quiz.controllers.QuizController [http-nio-8080-exec-1] GET to /getTen
2021-09-27 10:18:47,863 INFO quiz.controllers.QuizController [http-nio-8080-exec-2] GET to /getTen
2021-09-27 10:18:55,469 INFO quiz.controllers.QuizController [http-nio-8080-exec-3] GET to /getTen
2021-09-27 10:19:13,046 INFO quiz.controllers.QuizController [http-nio-8080-exec-4] GET to /getTen
2021-09-27 10:19:30,523 INFO quiz.controllers.QuizController [http-nio-8080-exec-5] GET to /getTen
2021-09-27 10:19:48,354 INFO quiz.controllers.QuizController [http-nio-8080-exec-6] GET to /getTen
2021-09-27 10:54:16,058 INFO quiz.controllers.QuizController [http-nio-8080-exec-8] GET to /getTen
2021-09-27 10:54:25,543 INFO quiz.controllers.QuizController [http-nio-8080-exec-9] GET to /getTen
2021-09-27 10:55:16,829 INFO quiz.controllers.QuizController [http-nio-8080-exec-10] GET to /getTen
2021-09-27 10:56:20,239 INFO quiz.controllers.QuizController [http-nio-8080-exec-2] GET to /getTen
2021-09-27 10:58:47,738 INFO quiz.controllers.QuizController [http-nio-8080-exec-4] GET to /getTen
2021-09-27 10:59:26,065 INFO quiz.controllers.QuizController [http-nio-8080-exec-5] GET to /getTen
2021-09-27 10:59:58,241 INFO quiz.controllers.QuizController [http-nio-8080-exec-6] GET to /getTen
2021-09-27 11:00:17,398 INFO quiz.controllers.QuizController [http-nio-8080-exec-7] GET to /getTen
2021-09-27 11:00:47,959 INFO quiz.controllers.QuizController [http-nio-8080-exec-8] GET to /getTen
2021-09-27 11:00:56,998 INFO quiz.controllers.QuizController [http-nio-8080-exec-9] GET to /getTen
2021-09-27 11:02:28,535 INFO quiz.controllers.QuizController [http-nio-8080-exec-1] GET to /getTen
2021-09-27 11:02:45,279 INFO quiz.controllers.QuizController [http-nio-8080-exec-2] GET to /getTen
2021-09-27 11:03:06,838 INFO quiz.controllers.QuizController [http-nio-8080-exec-3] GET to /getTen
2021-09-27 11:03:52,225 INFO quiz.controllers.QuizController [http-nio-8080-exec-4] GET to /getTen
2021-09-27 11:04:18,123 INFO quiz.controllers.QuizController [http-nio-8080-exec-5] GET to /getTen
2021-09-27 11:04:30,413 INFO quiz.controllers.QuizController [http-nio-8080-exec-6] GET to /getTen
2021-09-27 11:04:38,137 INFO quiz.controllers.QuizController [http-nio-8080-exec-7] GET to /getTen
2021-09-27 11:07:57,339 INFO quiz.controllers.QuizController [http-nio-8080-exec-9] GET to /getTen
2021-09-27 11:08:04,199 INFO quiz.controllers.QuizController [http-nio-8080-exec-10] GET to /getTen
2021-09-27 11:08:38,233 INFO quiz.controllers.QuizController [http-nio-8080-exec-1] GET to /getTen
2021-09-27 11:09:27,463 INFO quiz.controllers.QuizController [http-nio-8080-exec-2] GET to /getTen
2021-09-27 11:09:56,201 INFO quiz.controllers.QuizController [http-nio-8080-exec-3] GET to /getTen
2021-09-27 11:12:12,467 INFO quiz.controllers.QuizController [http-nio-8080-exec-5] GET to /getTen
2021-09-27 11:12:49,355 INFO quiz.controllers.QuizController [http-nio-8080-exec-6] GET to /getTen
2021-09-27 11:13:09,812 INFO quiz.controllers.QuizController [http-nio-8080-exec-7] GET to /getTen
2021-09-27 11:13:20,332 INFO quiz.controllers.QuizController [http-nio-8080-exec-8] GET to /getTen
2021-09-27 11:13:25,415 INFO quiz.controllers.QuizController [http-nio-8080-exec-9] GET to /getTen
2021-09-27 11:13:59,581 INFO quiz.controllers.QuizController [http-nio-8080-exec-10] GET to /getTen
2021-09-27 11:14:58,884 INFO quiz.controllers.QuizController [http-nio-8080-exec-1] GET to /getTen
2021-09-27 11:19:38,558 INFO quiz.controllers.QuizController [http-nio-8080-exec-1] GET to /getTen
2021-09-27 11:20:26,657 INFO quiz.controllers.QuizController [http-nio-8080-exec-2] GET to /getTen
2021-09-27 11:20:41,269 INFO quiz.controllers.QuizController [http-nio-8080-exec-3] GET to /getTen
2021-09-27 11:20:46,626 INFO quiz.controllers.QuizController [http-nio-8080-exec-4] GET to /getTen
2021-09-27 11:20:53,109 INFO quiz.controllers.QuizController [http-nio-8080-exec-5] GET to /getTen
2021-09-27 11:20:59,960 INFO quiz.controllers.QuizController [http-nio-8080-exec-6] GET to /getTen
2021-09-27 11:21:05,842 INFO quiz.controllers.QuizController [http-nio-8080-exec-7] GET to /getTen
2021-09-27 11:21:16,918 INFO quiz.controllers.QuizController [http-nio-8080-exec-8] GET to /getTen
2021-09-27 11:21:30,749 INFO quiz.controllers.QuizController [http-nio-8080-exec-9] GET to /getTen
2021-09-27 11:21:44,147 INFO quiz.controllers.QuizController [http-nio-8080-exec-10] GET to /getTen
2021-09-27 11:21:48,190 INFO quiz.controllers.QuizController [http-nio-8080-exec-1] GET to /getTen
2021-09-27 11:22:31,790 INFO quiz.controllers.QuizController [http-nio-8080-exec-2] GET to /getTen
2021-09-27 11:22:36,632 INFO quiz.controllers.QuizController [http-nio-8080-exec-3] GET to /getTen
2021-09-27 11:22:40,383 INFO quiz.controllers.QuizController [http-nio-8080-exec-4] GET to /getTen
2021-09-27 11:22:46,697 INFO quiz.controllers.QuizController [http-nio-8080-exec-5] GET to /getTen
2021-09-27 11:23:23,554 INFO quiz.controllers.QuizController [http-nio-8080-exec-6] GET to /getTen
2021-09-27 11:23:45,359 INFO quiz.controllers.QuizController [http-nio-8080-exec-7] GET to /getTen
2021-09-27 11:23:51,356 INFO quiz.controllers.QuizController [http-nio-8080-exec-8] GET to /getTen
2021-09-27 11:23:56,720 INFO quiz.controllers.QuizController [http-nio-8080-exec-9] GET to /getTen
2021-09-27 11:24:21,597 INFO quiz.controllers.QuizController [http-nio-8080-exec-10] GET to /getTen
2021-09-27 11:25:52,001 INFO quiz.controllers.QuizController [http-nio-8080-exec-2] GET to /getTen
2021-09-27 11:27:36,342 INFO quiz.controllers.QuizController [http-nio-8080-exec-4] GET to /getTen
2021-09-27 11:27:56,511 INFO quiz.controllers.QuizController [http-nio-8080-exec-5] GET to /getTen
2021-09-27 11:27:58,002 INFO quiz.controllers.QuizController [http-nio-8080-exec-6] GET to /getTen
2021-09-27 11:29:11,156 INFO quiz.controllers.QuizController [http-nio-8080-exec-8] GET to /getTen
2021-09-27 11:30:13,848 INFO quiz.controllers.QuizController [http-nio-8080-exec-10] GET to /getTen
2021-09-27 11:30:38,739 INFO quiz.controllers.QuizController [http-nio-8080-exec-1] GET to /getTen
2021-09-27 11:31:38,245 INFO quiz.controllers.QuizController [http-nio-8080-exec-2] GET to /getTen
2021-09-27 11:33:02,256 INFO quiz.controllers.QuizController [http-nio-8080-exec-4] GET to /getTen
2021-09-27 11:34:06,421 INFO quiz.controllers.QuizController [http-nio-8080-exec-6] GET to /getTen
2021-09-27 11:36:03,340 INFO quiz.controllers.QuizController [http-nio-8080-exec-8] GET to /getTen
2021-09-27 11:37:16,551 INFO quiz.controllers.QuizController [http-nio-8080-exec-10] GET to /getTen
2021-09-27 11:37:44,492 INFO quiz.controllers.QuizController [http-nio-8080-exec-1] GET to /getTen
2021-09-27 11:37:52,167 INFO quiz.controllers.QuizController [http-nio-8080-exec-2] GET to /getTen
2021-09-27 11:38:02,798 INFO quiz.controllers.QuizController [http-nio-8080-exec-3] GET to /getTen
2021-09-27 11:38:38,218 INFO quiz.controllers.QuizController [http-nio-8080-exec-4] GET to /getTen
2021-09-27 11:38:57,789 INFO quiz.controllers.QuizController [http-nio-8080-exec-5] GET to /getTen
2021-09-27 11:39:08,400 INFO quiz.controllers.QuizController [http-nio-8080-exec-6] GET to /getTen
2021-09-27 11:39:19,144 INFO quiz.controllers.QuizController [http-nio-8080-exec-7] GET to /getTen
2021-09-27 11:39:23,269 INFO quiz.controllers.QuizController [http-nio-8080-exec-8] GET to /getTen
2021-09-27 11:43:48,207 INFO quiz.controllers.QuizController [http-nio-8080-exec-10] GET to /getTen
2021-09-27 11:44:16,172 INFO quiz.controllers.QuizController [http-nio-8080-exec-1] GET to /getTen
2021-09-27 11:44:23,033 INFO quiz.controllers.QuizController [http-nio-8080-exec-2] GET to /getTen
2021-09-27 13:24:57,572 INFO quiz.controllers.QuizController [http-nio-8080-exec-4] GET to /getTen
2021-09-27 13:25:04,013 INFO quiz.controllers.QuizController [http-nio-8080-exec-5] GET to /getTen
2021-09-27 13:26:02,650 INFO quiz.controllers.QuizController [http-nio-8080-exec-6] GET to /getTen
2021-09-27 13:28:54,416 INFO quiz.controllers.QuizController [http-nio-8080-exec-8] GET to /getTen
2021-09-27 13:28:56,100 INFO quiz.controllers.QuizController [http-nio-8080-exec-9] GET to /getTen
2021-09-27 13:29:01,240 INFO quiz.controllers.QuizController [http-nio-8080-exec-10] GET to /getTen
2021-09-27 13:30:15,002 INFO quiz.controllers.QuizController [http-nio-8080-exec-2] GET to /getTen
2021-09-27 13:35:16,221 INFO quiz.controllers.LoginController [http-nio-8080-exec-5] POST to /login
2021-09-27 13:35:16,258 INFO quiz.controllers.QuizController [http-nio-8080-exec-6] GET to /getTen
2021-09-27 13:35:22,574 INFO quiz.controllers.TagsController [http-nio-8080-exec-7] GET to /tags
2021-09-27 13:38:29,346 INFO quiz.controllers.LoginController [http-nio-8080-exec-9] POST to /login
2021-09-27 13:38:29,365 INFO quiz.controllers.QuizController [http-nio-8080-exec-10] GET to /getTen
2021-09-27 13:38:31,811 INFO quiz.controllers.TagsController [http-nio-8080-exec-1] GET to /tags
2021-09-27 13:38:49,341 INFO quiz.controllers.TagsController [http-nio-8080-exec-3] GET to /tags
2021-09-27 13:38:49,415 INFO quiz.controllers.TagsController [http-nio-8080-exec-4] POST to /tags/new
2021-09-27 13:39:03,376 INFO quiz.controllers.TagsController [http-nio-8080-exec-5] GET to /tags
2021-09-27 13:41:17,924 INFO quiz.controllers.LoginController [http-nio-8080-exec-8] POST to /login
2021-09-27 13:41:17,942 INFO quiz.controllers.QuizController [http-nio-8080-exec-9] GET to /getTen
2021-09-27 13:41:22,651 INFO quiz.controllers.TagsController [http-nio-8080-exec-10] GET to /tags
2021-09-27 13:41:25,318 INFO quiz.controllers.QuizController [http-nio-8080-exec-1] GET to /getTen
2021-09-27 13:43:39,927 INFO quiz.controllers.QuizController [http-nio-8080-exec-3] GET to /getTen
2021-09-27 14:36:53,424 INFO quiz.controllers.QuizController [http-nio-8080-exec-1] GET to /getTen
2021-09-27 14:37:06,791 INFO quiz.controllers.TagsController [http-nio-8080-exec-2] GET to /tags
2021-09-27 14:37:15,357 INFO quiz.controllers.TagsController [http-nio-8080-exec-4] DELETE from /tags/{id}
2021-09-27 14:37:15,367 INFO quiz.controllers.TagsController [http-nio-8080-exec-5] GET to /tags
2021-09-27 14:37:24,475 INFO quiz.controllers.TagsController [http-nio-8080-exec-7] DELETE from /tags/{id}
2021-09-27 14:37:24,484 INFO quiz.controllers.TagsController [http-nio-8080-exec-8] GET to /tags
2021-09-27 14:45:31,334 INFO quiz.controllers.QuizController [http-nio-8080-exec-1] GET to /getTen
2021-09-28 09:15:53,263 INFO quiz.controllers.QuizController [http-nio-8080-exec-1] GET to /getTen
2021-09-28 09:15:58,515 INFO quiz.controllers.LoginController [http-nio-8080-exec-3] POST to /login
2021-09-28 09:16:21,956 INFO quiz.controllers.LoginController [http-nio-8080-exec-4] POST to /login
2021-09-28 09:16:21,984 INFO quiz.controllers.QuizController [http-nio-8080-exec-5] GET to /getTen
2021-09-28 09:16:27,639 INFO quiz.controllers.TagsController [http-nio-8080-exec-6] GET to /tags
2021-09-28 09:18:01,216 INFO quiz.controllers.QuizController [http-nio-8080-exec-9] created new quiz
2021-09-28 09:18:38,295 INFO quiz.controllers.TagsController [http-nio-8080-exec-1] GET to /tags
2021-09-28 09:18:38,299 INFO quiz.controllers.TagsController [http-nio-8080-exec-2] POST to /tags/new
2021-09-28 09:18:45,937 INFO quiz.controllers.TagsController [http-nio-8080-exec-3] GET to /tags
2021-09-28 09:23:50,734 INFO quiz.controllers.LoginController [http-nio-8080-exec-2] POST to /login
2021-09-28 09:23:50,757 INFO quiz.controllers.QuizController [http-nio-8080-exec-3] GET to /getTen
2021-09-28 09:25:49,647 INFO quiz.controllers.QuizController [http-nio-8080-exec-2] GET to /getTen
2021-09-28 09:25:51,836 INFO quiz.controllers.TagsController [http-nio-8080-exec-3] GET to /tags
2021-09-28 10:18:17,473 INFO quiz.controllers.LoginController [http-nio-8080-exec-2] POST to /login
2021-09-28 10:18:17,558 INFO quiz.controllers.QuizController [http-nio-8080-exec-3] GET to /getTen
2021-09-28 10:20:14,342 INFO quiz.controllers.QuizController [http-nio-8080-exec-8] GET to /getTen
2021-09-28 10:20:19,281 INFO quiz.controllers.TagsController [http-nio-8080-exec-9] GET to /tags
2021-09-28 10:20:30,072 INFO quiz.controllers.QuizController [http-nio-8080-exec-10] GET to /getTen
2021-09-28 10:21:50,889 INFO quiz.controllers.QuizController [http-nio-8080-exec-2] GET to /getTen
2021-09-28 10:21:52,907 INFO quiz.controllers.QuizController [http-nio-8080-exec-4] GET to /quizzes
2021-09-28 10:22:25,189 INFO quiz.controllers.QuizController [http-nio-8080-exec-10] GET to /quizzes
2021-09-28 10:23:56,366 INFO quiz.controllers.QuizController [http-nio-8080-exec-2] GET to /quizzes
2021-09-28 10:25:53,160 INFO quiz.controllers.QuizController [http-nio-8080-exec-4] GET to /quizzes
2021-09-28 10:25:55,427 INFO quiz.controllers.QuizController [http-nio-8080-exec-5] GET to /quizzes
2021-09-28 10:26:30,227 INFO quiz.controllers.QuizController [http-nio-8080-exec-6] GET to /quizzes
2021-09-28 10:29:24,035 INFO quiz.controllers.QuizController [http-nio-8080-exec-8] GET to /quizzes
2021-09-28 10:30:08,150 INFO quiz.controllers.QuizController [http-nio-8080-exec-9] GET to /quizzes
2021-09-28 10:32:10,626 INFO quiz.controllers.QuizController [http-nio-8080-exec-2] GET to /quizzes
2021-09-28 10:40:26,433 INFO quiz.controllers.QuizController [http-nio-8080-exec-1] GET to /quizzes
2021-09-28 10:43:48,209 INFO quiz.controllers.QuizController [http-nio-8080-exec-2] GET to /quizzes
2021-09-28 10:55:18,564 INFO quiz.controllers.QuizController [http-nio-8080-exec-7] GET to /quizzes
2021-09-28 10:56:25,000 INFO quiz.controllers.QuizController [http-nio-8080-exec-10] GET to /quizzes
2021-09-28 11:15:29,338 INFO quiz.controllers.LoginController [http-nio-8080-exec-1] POST to /login
2021-09-28 11:15:29,424 INFO quiz.controllers.QuizController [http-nio-8080-exec-2] GET to /getTen
2021-09-28 11:15:46,641 INFO quiz.controllers.TagsController [http-nio-8080-exec-4] GET to /tags
2021-09-28 11:17:19,010 INFO quiz.controllers.QuizController [http-nio-8080-exec-7] created new quiz
2021-09-28 11:18:07,238 INFO quiz.controllers.QuizController [http-nio-8080-exec-8] created new quiz
2021-09-28 11:18:08,202 INFO quiz.controllers.QuizController [http-nio-8080-exec-9] created new quiz
2021-09-28 11:18:08,855 INFO quiz.controllers.QuizController [http-nio-8080-exec-10] created new quiz
2021-09-28 11:18:09,309 INFO quiz.controllers.QuizController [http-nio-8080-exec-1] created new quiz
2021-09-28 11:18:09,736 INFO quiz.controllers.QuizController [http-nio-8080-exec-2] created new quiz
2021-09-28 11:18:10,111 INFO quiz.controllers.QuizController [http-nio-8080-exec-3] created new quiz
2021-09-28 11:18:10,544 INFO quiz.controllers.QuizController [http-nio-8080-exec-4] created new quiz
2021-09-28 11:18:10,940 INFO quiz.controllers.QuizController [http-nio-8080-exec-5] created new quiz
2021-09-28 11:18:11,653 INFO quiz.controllers.QuizController [http-nio-8080-exec-6] created new quiz
2021-09-28 11:18:11,804 INFO quiz.controllers.QuizController [http-nio-8080-exec-7] created new quiz
2021-09-28 11:18:11,965 INFO quiz.controllers.QuizController [http-nio-8080-exec-8] created new quiz
2021-09-28 11:18:12,102 INFO quiz.controllers.QuizController [http-nio-8080-exec-9] created new quiz
2021-09-28 11:18:12,260 INFO quiz.controllers.QuizController [http-nio-8080-exec-10] created new quiz
2021-09-28 11:18:12,406 INFO quiz.controllers.QuizController [http-nio-8080-exec-1] created new quiz
2021-09-28 11:18:12,570 INFO quiz.controllers.QuizController [http-nio-8080-exec-2] created new quiz
2021-09-28 11:18:12,725 INFO quiz.controllers.QuizController [http-nio-8080-exec-3] created new quiz
2021-09-28 11:18:13,259 INFO quiz.controllers.QuizController [http-nio-8080-exec-4] created new quiz
2021-09-28 11:18:13,428 INFO quiz.controllers.QuizController [http-nio-8080-exec-5] created new quiz
2021-09-28 11:18:13,610 INFO quiz.controllers.QuizController [http-nio-8080-exec-6] created new quiz
2021-09-28 11:18:13,806 INFO quiz.controllers.QuizController [http-nio-8080-exec-7] created new quiz
2021-09-28 11:18:14,200 INFO quiz.controllers.QuizController [http-nio-8080-exec-8] created new quiz
2021-09-28 11:18:14,368 INFO quiz.controllers.QuizController [http-nio-8080-exec-9] created new quiz
2021-09-28 11:18:14,542 INFO quiz.controllers.QuizController [http-nio-8080-exec-10] created new quiz
2021-09-28 11:18:14,698 INFO quiz.controllers.QuizController [http-nio-8080-exec-1] created new quiz
2021-09-28 11:18:14,858 INFO quiz.controllers.QuizController [http-nio-8080-exec-2] created new quiz
2021-09-28 11:18:15,019 INFO quiz.controllers.QuizController [http-nio-8080-exec-3] created new quiz
2021-09-28 11:18:15,174 INFO quiz.controllers.QuizController [http-nio-8080-exec-4] created new quiz
2021-09-28 11:18:15,333 INFO quiz.controllers.QuizController [http-nio-8080-exec-5] created new quiz
2021-09-28 11:18:15,492 INFO quiz.controllers.QuizController [http-nio-8080-exec-6] created new quiz
2021-09-28 11:18:15,655 INFO quiz.controllers.QuizController [http-nio-8080-exec-7] created new quiz
2021-09-28 11:18:15,815 INFO quiz.controllers.QuizController [http-nio-8080-exec-8] created new quiz
2021-09-28 11:18:15,987 INFO quiz.controllers.QuizController [http-nio-8080-exec-9] created new quiz
2021-09-28 11:18:16,155 INFO quiz.controllers.QuizController [http-nio-8080-exec-10] created new quiz
2021-09-28 11:18:16,319 INFO quiz.controllers.QuizController [http-nio-8080-exec-1] created new quiz
2021-09-28 11:18:16,490 INFO quiz.controllers.QuizController [http-nio-8080-exec-2] created new quiz
2021-09-28 11:18:16,638 INFO quiz.controllers.QuizController [http-nio-8080-exec-3] created new quiz
2021-09-28 11:18:16,797 INFO quiz.controllers.QuizController [http-nio-8080-exec-4] created new quiz
2021-09-28 11:18:16,969 INFO quiz.controllers.QuizController [http-nio-8080-exec-5] created new quiz
2021-09-28 11:18:17,119 INFO quiz.controllers.QuizController [http-nio-8080-exec-6] created new quiz
2021-09-28 11:18:17,308 INFO quiz.controllers.QuizController [http-nio-8080-exec-7] created new quiz
2021-09-28 11:18:17,463 INFO quiz.controllers.QuizController [http-nio-8080-exec-8] created new quiz
2021-09-28 11:18:17,637 INFO quiz.controllers.QuizController [http-nio-8080-exec-9] created new quiz
2021-09-28 11:18:17,808 INFO quiz.controllers.QuizController [http-nio-8080-exec-10] created new quiz
2021-09-28 11:18:17,984 INFO quiz.controllers.QuizController [http-nio-8080-exec-1] created new quiz
2021-09-28 11:18:18,152 INFO quiz.controllers.QuizController [http-nio-8080-exec-2] created new quiz
2021-09-28 11:18:18,321 INFO quiz.controllers.QuizController [http-nio-8080-exec-3] created new quiz
2021-09-28 11:18:18,489 INFO quiz.controllers.QuizController [http-nio-8080-exec-4] created new quiz
2021-09-28 11:18:18,654 INFO quiz.controllers.QuizController [http-nio-8080-exec-5] created new quiz
2021-09-28 11:18:18,836 INFO quiz.controllers.QuizController [http-nio-8080-exec-6] created new quiz
2021-09-28 11:18:19,013 INFO quiz.controllers.QuizController [http-nio-8080-exec-7] created new quiz
2021-09-28 11:18:19,185 INFO quiz.controllers.QuizController [http-nio-8080-exec-8] created new quiz
2021-09-28 11:18:19,350 INFO quiz.controllers.QuizController [http-nio-8080-exec-9] created new quiz
2021-09-28 11:18:21,080 INFO quiz.controllers.QuizController [http-nio-8080-exec-10] created new quiz
2021-09-28 11:18:27,799 INFO quiz.controllers.QuizController [http-nio-8080-exec-1] created new quiz
2021-09-28 11:18:28,182 INFO quiz.controllers.QuizController [http-nio-8080-exec-2] created new quiz
2021-09-28 11:18:28,570 INFO quiz.controllers.QuizController [http-nio-8080-exec-3] created new quiz
2021-09-28 11:18:28,963 INFO quiz.controllers.QuizController [http-nio-8080-exec-4] created new quiz
2021-09-28 11:18:29,350 INFO quiz.controllers.QuizController [http-nio-8080-exec-5] created new quiz
2021-09-28 11:20:59,527 INFO quiz.controllers.QuizController [http-nio-8080-exec-1] created new quiz
2021-09-28 11:25:15,542 INFO quiz.controllers.QuizController [http-nio-8080-exec-1] created new quiz
2021-09-28 11:28:26,043 INFO quiz.controllers.QuizController [http-nio-8080-exec-3] created new quiz
2021-09-28 11:28:56,482 INFO quiz.controllers.QuizController [http-nio-8080-exec-4] created new quiz
2021-09-28 11:47:27,258 INFO quiz.controllers.QuizController [http-nio-8080-exec-6] GET to /getTen
2021-09-28 11:48:40,244 INFO quiz.controllers.LoginController [http-nio-8080-exec-9] POST to /login
2021-09-28 11:48:40,270 INFO quiz.controllers.QuizController [http-nio-8080-exec-10] GET to /getTen
2021-09-28 11:51:17,636 INFO quiz.controllers.TagsController [http-nio-8080-exec-3] GET to /tags
2021-09-28 11:51:56,502 INFO quiz.controllers.TagsController [http-nio-8080-exec-5] GET to /tags
2021-09-28 11:51:56,507 INFO quiz.controllers.TagsController [http-nio-8080-exec-6] POST to /tags/new
2021-09-28 11:53:59,714 INFO quiz.controllers.QuizController [http-nio-8080-exec-10] GET to /quizzes
2021-09-28 11:55:07,154 INFO quiz.controllers.QuizController [http-nio-8080-exec-4] GET to /getTen
2021-09-28 11:55:25,853 INFO quiz.controllers.LoginController [http-nio-8080-exec-5] POST to /login
2021-09-28 11:55:25,874 INFO quiz.controllers.QuizController [http-nio-8080-exec-6] GET to /getTen
2021-09-28 11:55:33,771 INFO quiz.controllers.QuizController [http-nio-8080-exec-7] GET to /getTen
2021-09-28 11:56:22,296 INFO quiz.controllers.QuizController [http-nio-8080-exec-8] GET to /getTen
2021-09-28 11:56:35,306 INFO quiz.controllers.TagsController [http-nio-8080-exec-9] GET to /tags
2021-09-28 12:48:10,715 INFO quiz.controllers.TagsController [http-nio-8080-exec-2] GET to /tags
2021-09-28 12:48:25,673 INFO quiz.controllers.QuizController [http-nio-8080-exec-3] GET to /getTen
2021-09-28 12:48:45,631 INFO quiz.controllers.QuizController [http-nio-8080-exec-4] GET to /getTen
2021-09-28 12:48:48,266 INFO quiz.controllers.QuizController [http-nio-8080-exec-5] GET to /getTen
2021-09-28 12:50:18,920 INFO quiz.controllers.QuizController [http-nio-8080-exec-7] GET to /getTen
2021-09-28 12:50:26,781 INFO quiz.controllers.QuizController [http-nio-8080-exec-8] GET to /getTen
2021-09-28 12:50:32,189 INFO quiz.controllers.QuizController [http-nio-8080-exec-9] GET to /getTen
2021-09-28 12:53:30,783 INFO quiz.controllers.QuizController [http-nio-8080-exec-1] GET to /getTen
2021-09-28 13:01:10,476 INFO quiz.controllers.QuizController [http-nio-8080-exec-3] GET to /getTen
2021-09-28 13:01:44,852 INFO quiz.controllers.QuizController [http-nio-8080-exec-4] GET to /getTen
2021-09-28 13:03:05,163 INFO quiz.controllers.QuizController [http-nio-8080-exec-6] GET to /getTen
2021-09-28 13:04:41,834 INFO quiz.controllers.TagsController [http-nio-8080-exec-8] GET to /tags
2021-09-28 13:04:55,478 INFO quiz.controllers.TagsController [http-nio-8080-exec-10] POST to /tags/new
2021-09-28 13:05:23,236 INFO quiz.controllers.TagsController [http-nio-8080-exec-1] GET to /tags
2021-09-28 13:06:24,844 INFO quiz.controllers.TagsController [http-nio-8080-exec-3] GET to /tags
2021-09-28 13:06:31,264 INFO quiz.controllers.TagsController [http-nio-8080-exec-4] GET to /tags
2021-09-28 13:06:43,436 INFO quiz.controllers.TagsController [http-nio-8080-exec-5] GET to /tags
2021-09-28 13:06:54,400 INFO quiz.controllers.TagsController [http-nio-8080-exec-6] GET to /tags
2021-09-28 13:07:02,165 INFO quiz.controllers.TagsController [http-nio-8080-exec-7] GET to /tags
2021-09-28 13:07:14,057 INFO quiz.controllers.TagsController [http-nio-8080-exec-8] POST to /tags/new
2021-09-28 13:07:52,560 INFO quiz.controllers.TagsController [http-nio-8080-exec-9] GET to /tags
2021-09-28 13:08:01,535 INFO quiz.controllers.TagsController [http-nio-8080-exec-10] POST to /tags/new
2021-09-28 13:12:40,254 INFO quiz.controllers.TagsController [http-nio-8080-exec-2] GET to /tags
2021-09-28 13:14:11,741 INFO quiz.controllers.TagsController [http-nio-8080-exec-4] GET to /tags
2021-09-28 13:17:55,342 INFO quiz.controllers.TagsController [http-nio-8080-exec-6] GET to /tags
2021-09-28 13:36:50,439 INFO quiz.controllers.TagsController [http-nio-8080-exec-8] GET to /tags
2021-09-28 13:38:30,019 INFO quiz.controllers.TagsController [http-nio-8080-exec-1] POST to /tags/new
2021-09-28 13:41:46,732 INFO quiz.controllers.TagsController [http-nio-8080-exec-3] GET to /tags
2021-09-28 13:42:01,139 INFO quiz.controllers.TagsController [http-nio-8080-exec-4] POST to /tags/new
2021-09-28 13:43:55,014 INFO quiz.controllers.TagsController [http-nio-8080-exec-6] GET to /tags
2021-09-28 13:44:19,644 INFO quiz.controllers.TagsController [http-nio-8080-exec-7] POST to /tags/new
2021-09-28 13:44:19,652 INFO quiz.controllers.TagsController [http-nio-8080-exec-8] GET to /tags
2021-09-28 13:45:24,482 INFO quiz.controllers.TagsController [http-nio-8080-exec-10] GET to /tags
2021-09-28 13:47:53,320 INFO quiz.controllers.TagsController [http-nio-8080-exec-2] GET to /tags
2021-09-28 13:49:56,174 INFO quiz.controllers.QuizController [http-nio-8080-exec-5] created new quiz
2021-09-28 14:03:55,087 INFO quiz.controllers.TagsController [http-nio-8080-exec-7] GET to /tags
2021-09-28 14:04:21,275 INFO quiz.controllers.QuizController [http-nio-8080-exec-9] GET to /quizzes
2021-09-28 14:06:39,426 INFO quiz.controllers.QuizController [http-nio-8080-exec-2] GET to /quizzes
2021-09-28 14:10:16,122 INFO quiz.controllers.QuizController [http-nio-8080-exec-6] GET to /quizzes
2021-09-28 14:10:22,628 INFO quiz.controllers.QuizController [http-nio-8080-exec-8] GET to /quizzes
2021-09-28 14:19:11,042 INFO quiz.controllers.QuizController [http-nio-8080-exec-10] GET to /quizzes
2021-09-28 14:19:54,025 INFO quiz.controllers.QuizController [http-nio-8080-exec-3] GET to /quizzes
2021-09-28 14:27:07,393 INFO quiz.controllers.QuizController [http-nio-8080-exec-7] GET to /quizzes
2021-09-28 14:27:15,148 INFO quiz.controllers.QuizController [http-nio-8080-exec-9] GET to /quizzes
2021-09-28 14:55:51,953 INFO quiz.controllers.QuizController [http-nio-8080-exec-2] GET to /quizzes
2021-09-28 15:00:49,088 INFO quiz.controllers.QuizController [http-nio-8080-exec-1] GET to /quizzes
2021-09-28 15:03:51,488 INFO quiz.controllers.QuizController [http-nio-8080-exec-5] GET to /quizzes
2021-09-28 15:04:09,663 INFO quiz.controllers.QuizController [http-nio-8080-exec-7] GET to /quizzes
2021-09-28 15:04:36,278 INFO quiz.controllers.LoginController [http-nio-8080-exec-10] POST to /login
2021-09-28 15:04:36,327 INFO quiz.controllers.QuizController [http-nio-8080-exec-1] GET to /getTen
2021-09-28 15:04:51,883 INFO quiz.controllers.QuizController [http-nio-8080-exec-2] GET to /quizzes
2021-09-28 15:05:41,908 INFO quiz.controllers.QuizController [http-nio-8080-exec-4] GET to /getTen
2021-09-28 15:05:55,073 INFO quiz.controllers.QuizController [http-nio-8080-exec-5] GET to /quizzes
2021-09-28 15:08:17,633 INFO quiz.controllers.QuizController [http-nio-8080-exec-7] GET to /quizzes
2021-09-28 15:08:23,897 INFO quiz.controllers.QuizController [http-nio-8080-exec-8] GET to /quizzes
2021-09-28 15:09:52,871 INFO quiz.controllers.QuizController [http-nio-8080-exec-10] GET to /quizzes
2021-09-28 15:11:06,296 INFO quiz.controllers.QuizController [http-nio-8080-exec-2] GET to /quizzes
2021-09-28 15:11:08,449 INFO quiz.controllers.QuizController [http-nio-8080-exec-3] GET to /quizzes
2021-09-28 15:18:54,616 INFO quiz.controllers.QuizController [http-nio-8080-exec-1] GET to /quizzes
2021-09-28 15:19:34,648 INFO quiz.controllers.QuizController [http-nio-8080-exec-1] GET to /quizzes
2021-09-28 15:19:36,373 INFO quiz.controllers.QuizController [http-nio-8080-exec-2] GET to /quizzes
2021-09-28 15:20:44,071 INFO quiz.controllers.QuizController [http-nio-8080-exec-1] GET to /quizzes
2021-09-28 15:20:46,271 INFO quiz.controllers.QuizController [http-nio-8080-exec-2] GET to /quizzes
2021-09-28 15:21:00,613 INFO quiz.controllers.QuizController [http-nio-8080-exec-4] GET to /quizzes
2021-09-28 15:22:15,742 INFO quiz.controllers.QuizController [http-nio-8080-exec-7] GET to /getTen
2021-09-28 15:27:43,090 INFO quiz.controllers.QuizController [http-nio-8080-exec-9] GET to /getTen
2021-09-28 15:27:55,889 INFO quiz.controllers.QuizController [http-nio-8080-exec-1] GET to /quizzes
2021-09-28 15:29:38,349 INFO quiz.controllers.LoginController [http-nio-8080-exec-4] POST to /login
2021-09-28 15:29:38,388 INFO quiz.controllers.QuizController [http-nio-8080-exec-5] GET to /getTen
2021-09-28 15:29:41,337 INFO quiz.controllers.QuizController [http-nio-8080-exec-6] GET to /quizzes
2021-09-28 15:30:14,190 INFO quiz.controllers.QuizController [http-nio-8080-exec-8] GET to /quizzes
2021-09-28 19:10:07,154 INFO quiz.controllers.QuizController [http-nio-8080-exec-2] GET to /quizzes
2021-09-28 19:24:14,917 INFO quiz.controllers.QuizController [http-nio-8080-exec-2] GET to /quizzes
2021-09-28 19:25:28,343 INFO quiz.controllers.QuizController [http-nio-8080-exec-5] GET to /quizzes
2021-09-28 19:26:30,310 INFO quiz.controllers.QuizController [http-nio-8080-exec-7] GET to /quizzes
2021-09-28 19:52:38,276 INFO quiz.controllers.QuizController [http-nio-8080-exec-6] GET to /quizzes
2021-09-28 20:03:23,141 INFO quiz.controllers.QuizController [http-nio-8080-exec-5] GET to /quizzes
2021-09-28 20:03:55,112 INFO quiz.controllers.QuizController [http-nio-8080-exec-8] GET to /quizzes
